<?xml version="1.0" encoding="UTF-8"?>
<testsuite xmlns:xsi="http://www.w3.org/2001/XMLSchema-instance" xsi:noNamespaceSchemaLocation="https://maven.apache.org/surefire/maven-surefire-plugin/xsd/surefire-test-report-3.0.xsd" version="3.0" name="cache.CacheInitTest" time="1.469" tests="3" errors="0" skipped="0" failures="0">
  <properties>
[...]
</properties>
  <testcase name="debeCrearUnaInstanciaNueva" classname="cache.CacheInitTest" time="1.357"/>
  <testcase name="debeDevolverPeliculaDeLaApiExterna" classname="cache.CacheInitTest" time="0.07"/>
  <testcase name="debeDevolverPeliculaDeLaCache" classname="cache.CacheInitTest" time="0"/>
</testsuite>